<?xml version="1.0" encoding="UTF-8"?>
<testng-results ignored="0" total="1" passed="1" failed="0" skipped="0">
  <reporter-output>
  </reporter-output>
  <suite started-at="2026-05-02T10:05:39 IST" name="Default suite" finished-at="2026-05-02T10:06:22 IST" duration-ms="43131">
    <groups>
    </groups>
    <test started-at="2026-05-02T10:05:39 IST" name="Default test" finished-at="2026-05-02T10:06:22 IST" duration-ms="43131">
      <class name="com.tutorialsninja.testcases.HomeTestNew">
        <test-method is-config="true" signature="loadConfig()[pri:0, instance:com.tutorialsninja.testcases.HomeTestNew@4e3958e7]" started-at="2026-05-02T10:05:39 IST" name="loadConfig" finished-at="2026-05-02T10:05:39 IST" duration-ms="16" status="PASS">
          <reporter-output>
          </reporter-output>
        </test-method> <!-- loadConfig -->
        <test-method is-config="true" signature="setUp()[pri:0, instance:com.tutorialsninja.testcases.HomeTestNew@4e3958e7]" started-at="2026-05-02T10:05:41 IST" name="setUp" finished-at="2026-05-02T10:06:04 IST" duration-ms="23874" status="PASS">
          <reporter-output>
          </reporter-output>
        </test-method> <!-- setUp -->
        <test-method signature="ValidateLogin(java.lang.String,java.lang.String)[pri:0, instance:com.tutorialsninja.testcases.HomeTestNew@4e3958e7]" started-at="2026-05-02T10:06:04 IST" name="ValidateLogin" data-provider="loginData" finished-at="2026-05-02T10:06:06 IST" duration-ms="1351" status="PASS">
          <params>
            <param index="0">
              <value>
                <![CDATA[Admin]]>
              </value>
            </param>
            <param index="1">
              <value>
                <![CDATA[admin123]]>
              </value>
            </param>
          </params>
          <reporter-output>
          </reporter-output>
        </test-method> <!-- ValidateLogin -->
        <test-method is-config="true" signature="tearDown()[pri:0, instance:com.tutorialsninja.testcases.HomeTestNew@4e3958e7]" started-at="2026-05-02T10:06:06 IST" name="tearDown" finished-at="2026-05-02T10:06:22 IST" duration-ms="16115" status="PASS">
          <reporter-output>
          </reporter-output>
        </test-method> <!-- tearDown -->
      </class> <!-- com.tutorialsninja.testcases.HomeTestNew -->
    </test> <!-- Default test -->
  </suite> <!-- Default suite -->
</testng-results>
