<?xml version="1.0" encoding="UTF-8"?>
<!-- Generated by org.testng.reporters.JUnitXMLReporter -->
<testsuite ignored="0" hostname="LAPTOP-7VPN53LC" failures="1" tests="1" name="Test" time="7.842" errors="0" timestamp="2026-05-02T16:32:38 IST">
  <testcase classname="com.tutorialsninja.testcases.HomeTestNew" name="ValidateLogin" time="0.599">
    <failure type="java.lang.AssertionError" message="expected [OrangeHR] but found [OrangeHRM]">
      <![CDATA[java.lang.AssertionError: expected [OrangeHR] but found [OrangeHRM]
at com.tutorialsninja.testcases.HomeTestNew.ValidateLogin(HomeTestNew.java:40)
at java.base/java.util.ArrayList.forEach(ArrayList.java:1597)
... Removed 31 stack frames]]>
    </failure>
  </testcase> <!-- ValidateLogin -->
</testsuite> <!-- Test -->
